<?xml version="1.0" encoding="UTF-8"?>
<testng-results ignored="18" total="19" passed="1" failed="0" skipped="0">
  <reporter-output>
  </reporter-output>
  <suite started-at="2022-12-07T18:36:36 IST" name="Suite" finished-at="2022-12-07T18:36:40 IST" duration-ms="3587">
    <groups>
    </groups>
    <test started-at="2022-12-07T18:36:36 IST" name="Test" finished-at="2022-12-07T18:36:40 IST" duration-ms="3587">
      <class name="api.promilo.test.UserMgmt">
        <test-method signature="test16()[pri:0, instance:api.promilo.test.UserMgmt@47987356]" started-at="2022-12-07T18:36:36 IST" name="test16" finished-at="2022-12-07T18:36:40 IST" duration-ms="3523" status="PASS">
          <reporter-output>
          </reporter-output>
        </test-method> <!-- test16 -->
      </class> <!-- api.promilo.test.UserMgmt -->
    </test> <!-- Test -->
  </suite> <!-- Suite -->
</testng-results>
