<?xml version="1.0" encoding="UTF-8"?>
<!-- Generated by org.testng.reporters.JUnitXMLReporter -->
<testsuite ignored="18" hostname="DESKTOP-61SBO85" failures="0" tests="1" name="Test" time="3.587" errors="0" timestamp="2022-12-07T18:36:40 IST">
  <testcase classname="api.promilo.test.UserMgmt" name="test16" time="3.523"/>
  <testcase classname="api.promilo.test.UserMgmt" name="test6a" time="0.0">
    <ignored/>
  </testcase> <!-- test6a -->
  <testcase classname="api.promilo.test.UserMgmt" name="test6b" time="0.0">
    <ignored/>
  </testcase> <!-- test6b -->
  <testcase classname="api.promilo.test.UserMgmt" name="test1" time="0.0">
    <ignored/>
  </testcase> <!-- test1 -->
  <testcase classname="api.promilo.test.UserMgmt" name="test17" time="0.0">
    <ignored/>
  </testcase> <!-- test17 -->
  <testcase classname="api.promilo.test.UserMgmt" name="test6" time="0.0">
    <ignored/>
  </testcase> <!-- test6 -->
  <testcase classname="api.promilo.test.UserMgmt" name="test7" time="0.0">
    <ignored/>
  </testcase> <!-- test7 -->
  <testcase classname="api.promilo.test.UserMgmt" name="test8" time="0.0">
    <ignored/>
  </testcase> <!-- test8 -->
  <testcase classname="api.promilo.test.UserMgmt" name="test9" time="0.0">
    <ignored/>
  </testcase> <!-- test9 -->
  <testcase classname="api.promilo.test.UserMgmt" name="test2" time="0.0">
    <ignored/>
  </testcase> <!-- test2 -->
  <testcase classname="api.promilo.test.UserMgmt" name="test3" time="0.0">
    <ignored/>
  </testcase> <!-- test3 -->
  <testcase classname="api.promilo.test.UserMgmt" name="test4" time="0.0">
    <ignored/>
  </testcase> <!-- test4 -->
  <testcase classname="api.promilo.test.UserMgmt" name="test5" time="0.0">
    <ignored/>
  </testcase> <!-- test5 -->
  <testcase classname="api.promilo.test.UserMgmt" name="test14" time="0.0">
    <ignored/>
  </testcase> <!-- test14 -->
  <testcase classname="api.promilo.test.UserMgmt" name="test13" time="0.0">
    <ignored/>
  </testcase> <!-- test13 -->
  <testcase classname="api.promilo.test.UserMgmt" name="test15" time="0.0">
    <ignored/>
  </testcase> <!-- test15 -->
  <testcase classname="api.promilo.test.UserMgmt" name="test10" time="0.0">
    <ignored/>
  </testcase> <!-- test10 -->
  <testcase classname="api.promilo.test.UserMgmt" name="test12" time="0.0">
    <ignored/>
  </testcase> <!-- test12 -->
  <testcase classname="api.promilo.test.UserMgmt" name="test11" time="0.0">
    <ignored/>
  </testcase> <!-- test11 -->
</testsuite> <!-- Test -->
