<?xml version="1.0" encoding="UTF-8"?>
<!-- Generated by org.testng.reporters.JUnitXMLReporter -->
<testsuite ignored="8" hostname="DESKTOP-61SBO85" failures="1" tests="2" name="Test" time="3.428" errors="0" timestamp="2022-12-08T16:55:17 IST">
  <testcase classname="api.promilo.test.UserMgmt2" name="test46" time="3.182">
    <failure type="java.lang.AssertionError" message="Status code not matching expected [200] but found [400]">
      <![CDATA[java.lang.AssertionError: Status code not matching expected [200] but found [400]
at api.promilo.test.UserMgmt2.test46(UserMgmt2.java:184)
at java.base/java.util.ArrayList.forEach(ArrayList.java:1511)
... Removed 32 stack frames]]>
    </failure>
  </testcase> <!-- test46 -->
  <testcase classname="api.promilo.test.UserMgmt2" name="test47" time="0.175"/>
  <testcase classname="api.promilo.test.UserMgmt2" name="test27" time="0.0">
    <ignored/>
  </testcase> <!-- test27 -->
  <testcase classname="api.promilo.test.UserMgmt2" name="test29" time="0.0">
    <ignored/>
  </testcase> <!-- test29 -->
  <testcase classname="api.promilo.test.UserMgmt2" name="test39" time="0.0">
    <ignored/>
  </testcase> <!-- test39 -->
  <testcase classname="api.promilo.test.UserMgmt2" name="test28" time="0.0">
    <ignored/>
  </testcase> <!-- test28 -->
  <testcase classname="api.promilo.test.UserMgmt2" name="test31_38" time="0.0">
    <ignored/>
  </testcase> <!-- test31_38 -->
  <testcase classname="api.promilo.test.UserMgmt2" name="test30" time="0.0">
    <ignored/>
  </testcase> <!-- test30 -->
  <testcase classname="api.promilo.test.UserMgmt2" name="test40" time="0.0">
    <ignored/>
  </testcase> <!-- test40 -->
  <testcase classname="api.promilo.test.UserMgmt2" name="test41_45" time="0.0">
    <ignored/>
  </testcase> <!-- test41_45 -->
</testsuite> <!-- Test -->
