<?xml version="1.0" encoding="UTF-8"?>
<!-- Generated by org.testng.reporters.JUnitXMLReporter -->
<testsuite ignored="6" hostname="DESKTOP-61SBO85" failures="0" tests="1" name="Default test" time="4.649" errors="0" timestamp="2022-12-07T16:18:54 IST">
  <testcase classname="api.promilo.test.UserMgmt" name="test5" time="4.587"/>
  <testcase classname="api.promilo.test.UserMgmt" name="test1" time="0.0">
    <ignored/>
  </testcase> <!-- test1 -->
  <testcase classname="api.promilo.test.UserMgmt" name="test4" time="0.0">
    <ignored/>
  </testcase> <!-- test4 -->
  <testcase classname="api.promilo.test.UserMgmt" name="test2" time="0.0">
    <ignored/>
  </testcase> <!-- test2 -->
  <testcase classname="api.promilo.test.UserMgmt" name="test3" time="0.0">
    <ignored/>
  </testcase> <!-- test3 -->
  <testcase classname="api.promilo.test.UserMgmt" name="test6" time="0.0">
    <ignored/>
  </testcase> <!-- test6 -->
  <testcase classname="api.promilo.test.UserMgmt" name="test7" time="0.0">
    <ignored/>
  </testcase> <!-- test7 -->
</testsuite> <!-- Default test -->
